  Character.cpp
C:\Users\student\Documents\Project1\project\Source\Character.cpp(42,21): warning C4244: '=': 'float' から 'int' への変換です。データが失われる可能性があります。
C:\Users\student\Documents\Project1\project\Source\Character.cpp(60,15): warning C4244: '+=': 'float' から 'int' への変換です。データが失われる可能性があります。
  Enemy.cpp
C:\Users\student\Documents\Project1\project\Source\Enemy.cpp(78,55): warning C4267: '引数': 'size_t' から '_Ty' に変換しました。データが失われているかもしれません。
C:\Users\student\Documents\Project1\project\Source\Enemy.cpp(78,55): warning C4267:         with
C:\Users\student\Documents\Project1\project\Source\Enemy.cpp(78,55): warning C4267:         [
C:\Users\student\Documents\Project1\project\Source\Enemy.cpp(78,55): warning C4267:             _Ty=int
C:\Users\student\Documents\Project1\project\Source\Enemy.cpp(78,55): warning C4267:         ]
  EnemyManager.cpp
  EnemyTurnState.cpp
  GameManager.cpp
  PlayScene.cpp
  Player.cpp
C:\Users\student\Documents\Project1\project\Source\Player.cpp(165,62): warning C4267: '=': 'size_t' から 'int' に変換しました。データが失われているかもしれません。
C:\Users\student\Documents\Project1\project\Source\Player.cpp(227,59): warning C4267: '=': 'size_t' から 'int' に変換しました。データが失われているかもしれません。
  PlayerManager.cpp
  PlayerTurnState.cpp
  SceneFactory.cpp
  コードを生成中...
C:\Users\student\Documents\Project1\project\Source\PlayerManager.cpp(82,1): warning C4715: 'PlayerManager::Menu': 値を返さないコントロール パスがあります。
C:\Users\student\Documents\Project1\project\Source\EnemyManager.cpp(39,1): warning C4715: 'EnemyManager::Menu': 値を返さないコントロール パスがあります。
  project.vcxproj -> C:\Users\student\Documents\Project1\project\x64\Debug\project.exe
